生成启动时间为 2015/4/5 20:44:29。
     1>项目“E:\document and program\program_xyz_noitom\BVHTransform_C\TestBVHTransformC\BVHTransformCTest\BVHTransformCTest\BVHTransformCTest.vcxproj”在节点 2 上(Build 个目标)。
     1>ClCompile:
         D:\Program Files (x86)\Microsoft Visual Studio 12.0\VC\bin\x86_amd64\CL.exe /c /I"E:\document and program\program_xyz_noitom\BVHTransform_C\TestBVHTransformC\BVHTransformCTest\BVHTransformCTest\BVHTransform_c_Lib" /I"D:\Program Files\MATLAB\R2014a\extern\include" /Zi /nologo /W3 /WX- /sdl /Od /D WIN32 /D _DEBUG /D _CONSOLE /D _LIB /D _UNICODE /D UNICODE /Gm /EHsc /RTC1 /MDd /GS /fp:precise /Zc:wchar_t /Zc:forScope /Yc"stdafx.h" /Fp"x64\Debug\BVHTransformCTest.pch" /Fo"x64\Debug\\" /Fd"x64\Debug\vc120.pdb" /Gd /TP /errorReport:prompt stdafx.cpp
         stdafx.cpp
         D:\Program Files (x86)\Microsoft Visual Studio 12.0\VC\bin\x86_amd64\CL.exe /c /I"E:\document and program\program_xyz_noitom\BVHTransform_C\TestBVHTransformC\BVHTransformCTest\BVHTransformCTest\BVHTransform_c_Lib" /I"D:\Program Files\MATLAB\R2014a\extern\include" /Zi /nologo /W3 /WX- /sdl /Od /D WIN32 /D _DEBUG /D _CONSOLE /D _LIB /D _UNICODE /D UNICODE /Gm /EHsc /RTC1 /MDd /GS /fp:precise /Zc:wchar_t /Zc:forScope /Fo"x64\Debug\\" /Fd"x64\Debug\vc120.pdb" /Gd /TP /errorReport:prompt BVHTransformCTest.cpp
         BVHTransformCTest.cpp
         D:\Program Files (x86)\Microsoft Visual Studio 12.0\VC\bin\x86_amd64\CL.exe /c /I"E:\document and program\program_xyz_noitom\BVHTransform_C\TestBVHTransformC\BVHTransformCTest\BVHTransformCTest\BVHTransform_c_Lib" /I"D:\Program Files\MATLAB\R2014a\extern\include" /Zi /nologo /W3 /WX- /sdl /Od /D WIN32 /D _DEBUG /D _CONSOLE /D _LIB /D _UNICODE /D UNICODE /Gm /EHsc /RTC1 /MDd /GS /fp:precise /Zc:wchar_t /Zc:forScope /Fo"x64\Debug\\" /Fd"x64\Debug\vc120.pdb" /Gd /TC /errorReport:prompt BVHTransform_c_Lib\BVHTransform_c.c BVHTransform_c_Lib\BVHTransform_c_initialize.c BVHTransform_c_Lib\BVHTransform_c_rtwutil.c BVHTransform_c_Lib\BVHTransform_c_terminate.c BVHTransform_c_Lib\CToEuler_c.c BVHTransform_c_Lib\EulerToC_c.c BVHTransform_c_Lib\eye.c BVHTransform_c_Lib\FQtoCnb.c BVHTransform_c_Lib\rtGetInf.c BVHTransform_c_Lib\rtGetNaN.c BVHTransform_c_Lib\rt_nonfinite.c
         rt_nonfinite.c
         rtGetNaN.c
         rtGetInf.c
         FQtoCnb.c
         eye.c
         EulerToC_c.c
         CToEuler_c.c
         BVHTransform_c_terminate.c
         BVHTransform_c_rtwutil.c
         BVHTransform_c_initialize.c
         BVHTransform_c.c
         正在生成代码...
       Link:
         D:\Program Files (x86)\Microsoft Visual Studio 12.0\VC\bin\x86_amd64\link.exe /ERRORREPORT:PROMPT /OUT:"E:\document and program\program_xyz_noitom\BVHTransform_C\TestBVHTransformC\BVHTransformCTest\x64\Debug\BVHTransformCTest.exe" /INCREMENTAL /NOLOGO /LIBPATH:"E:\document and program\program_xyz_noitom\BVHTransform_C\TestBVHTransformC\BVHTransformCTest\BVHTransformCTest" kernel32.lib user32.lib gdi32.lib winspool.lib comdlg32.lib advapi32.lib shell32.lib ole32.lib oleaut32.lib uuid.lib odbc32.lib odbccp32.lib /MANIFEST /MANIFESTUAC:"level='asInvoker' uiAccess='false'" /manifest:embed /DEBUG /PDB:"E:\document and program\program_xyz_noitom\BVHTransform_C\TestBVHTransformC\BVHTransformCTest\x64\Debug\BVHTransformCTest.pdb" /SUBSYSTEM:CONSOLE /TLBID:1 /DYNAMICBASE /NXCOMPAT /IMPLIB:"E:\document and program\program_xyz_noitom\BVHTransform_C\TestBVHTransformC\BVHTransformCTest\x64\Debug\BVHTransformCTest.lib" /MACHINE:X64 x64\Debug\BVHTransformCTest.obj
         x64\Debug\BVHTransform_c.obj
         x64\Debug\BVHTransform_c_initialize.obj
         x64\Debug\BVHTransform_c_rtwutil.obj
         x64\Debug\BVHTransform_c_terminate.obj
         x64\Debug\CToEuler_c.obj
         x64\Debug\EulerToC_c.obj
         x64\Debug\eye.obj
         x64\Debug\FQtoCnb.obj
         x64\Debug\rtGetInf.obj
         x64\Debug\rtGetNaN.obj
         x64\Debug\rt_nonfinite.obj
         x64\Debug\stdafx.obj
     1>BVHTransformCTest.obj : error LNK2019: 无法解析的外部符号 "void __cdecl BVHTransform_c(double const * const,double * const)" (?BVHTransform_c@@YAXQEBNQEAN@Z)，该符号在函数 wmain 中被引用
     1>E:\document and program\program_xyz_noitom\BVHTransform_C\TestBVHTransformC\BVHTransformCTest\x64\Debug\BVHTransformCTest.exe : fatal error LNK1120: 1 个无法解析的外部命令
     1>已完成生成项目“E:\document and program\program_xyz_noitom\BVHTransform_C\TestBVHTransformC\BVHTransformCTest\BVHTransformCTest\BVHTransformCTest.vcxproj”(Build 个目标)的操作 - 失败。

生成失败。

已用时间 00:00:00.77
